  Booking.cpp
  Cinema.cpp
C:\GIT\proyecto-1progra\proyecto-1progra\Schedule.h(2,7): error C2011: 'Schedule': nueva definición del tipo 'class'
C:\GIT\proyecto-1progra\proyecto-1progra\Room.h(3,7): error C2011: 'Room': nueva definición del tipo 'class'
C:\GIT\proyecto-1progra\proyecto-1progra\Movie.h(5,7): error C2011: 'Movie': nueva definición del tipo 'class'
C:\GIT\proyecto-1progra\proyecto-1progra\Cinema.cpp(9,21): error C2027: uso del tipo 'Movie' sin definir
C:\GIT\proyecto-1progra\proyecto-1progra\Cinema.cpp(12,7): error C2079: 'room' utiliza class 'Room' sin definir
C:\GIT\proyecto-1progra\proyecto-1progra\Cinema.cpp(12,18): error C2027: uso del tipo 'Room' sin definir
C:\GIT\proyecto-1progra\proyecto-1progra\Cinema.cpp(17,23): error C2027: uso del tipo 'Movie' sin definir
C:\GIT\proyecto-1progra\proyecto-1progra\Cinema.cpp(18,23): error C2027: uso del tipo 'Movie' sin definir
C:\GIT\proyecto-1progra\proyecto-1progra\Cinema.cpp(19,23): error C2027: uso del tipo 'Movie' sin definir
C:\GIT\proyecto-1progra\proyecto-1progra\Cinema.cpp(20,23): error C2027: uso del tipo 'Movie' sin definir
C:\GIT\proyecto-1progra\proyecto-1progra\Cinema.cpp(21,23): error C2027: uso del tipo 'Movie' sin definir
C:\GIT\proyecto-1progra\proyecto-1progra\Cinema.cpp(22,23): error C2027: uso del tipo 'Movie' sin definir
C:\GIT\proyecto-1progra\proyecto-1progra\Cinema.cpp(23,23): error C2027: uso del tipo 'Movie' sin definir
C:\GIT\proyecto-1progra\proyecto-1progra\Cinema.cpp(24,23): error C2027: uso del tipo 'Movie' sin definir
C:\GIT\proyecto-1progra\proyecto-1progra\Cinema.cpp(25,23): error C2027: uso del tipo 'Movie' sin definir
C:\GIT\proyecto-1progra\proyecto-1progra\Cinema.cpp(26,23): error C2027: uso del tipo 'Movie' sin definir
C:\GIT\proyecto-1progra\proyecto-1progra\Cinema.cpp(31,14): error C2027: uso del tipo 'Movie' sin definir
C:\GIT\proyecto-1progra\proyecto-1progra\Cinema.cpp(31,36): error C2027: uso del tipo 'Movie' sin definir
C:\GIT\proyecto-1progra\proyecto-1progra\Cinema.cpp(38,9): error C2059: error de sintaxis: '::'
C:\GIT\proyecto-1progra\proyecto-1progra\Cinema.cpp(38,19): error C2143: error de sintaxis: falta ';' delante de '{'
C:\GIT\proyecto-1progra\proyecto-1progra\Cinema.cpp(38,19): error C2447: '{': falta el encabezado de función (¿lista formal de estilo anterior?)
C:\GIT\proyecto-1progra\proyecto-1progra\Cinema.cpp(42,14): error C2227: el operando izquierdo de '->showMoviesList' debe señalar al tipo class/struct/union/generic
C:\GIT\proyecto-1progra\proyecto-1progra\Cinema.cpp(43,7): error C2227: el operando izquierdo de '->cout' debe señalar al tipo class/struct/union/generic
C:\GIT\proyecto-1progra\proyecto-1progra\Cinema.cpp(43,125): error C2227: el operando izquierdo de '->endl' debe señalar al tipo class/struct/union/generic
C:\GIT\proyecto-1progra\proyecto-1progra\Cinema.cpp(43,12): error C2679: '<<' binario: no se encontró un operador que adopte un operando en la parte derecha de tipo 'overloaded-function' (o bien no existe una conversión aceptable)
C:\GIT\proyecto-1progra\proyecto-1progra\Cinema.cpp(45,8): error C2227: el operando izquierdo de '->cout' debe señalar al tipo class/struct/union/generic
C:\GIT\proyecto-1progra\proyecto-1progra\Cinema.cpp(46,48): error C2027: uso del tipo 'Movie' sin definir
C:\GIT\proyecto-1progra\proyecto-1progra\Cinema.cpp(47,36): error C2027: uso del tipo 'Movie' sin definir
C:\GIT\proyecto-1progra\proyecto-1progra\Cinema.cpp(48,34): error C2027: uso del tipo 'Movie' sin definir
C:\GIT\proyecto-1progra\proyecto-1progra\Cinema.cpp(49,37): error C2027: uso del tipo 'Movie' sin definir
C:\GIT\proyecto-1progra\proyecto-1progra\Cinema.cpp(51,79): error C2027: uso del tipo 'Movie' sin definir
C:\GIT\proyecto-1progra\proyecto-1progra\Cinema.cpp(52,40): error C2027: uso del tipo 'Movie' sin definir
C:\GIT\proyecto-1progra\proyecto-1progra\Cinema.cpp(53,29): error C2027: uso del tipo 'Movie' sin definir
C:\GIT\proyecto-1progra\proyecto-1progra\Cinema.cpp(54,8): error C2079: 'room' utiliza class 'Room' sin definir
C:\GIT\proyecto-1progra\proyecto-1progra\Cinema.cpp(54,27): error C2027: uso del tipo 'Movie' sin definir
C:\GIT\proyecto-1progra\proyecto-1progra\Cinema.cpp(56,13): error C2679: '<<' binario: no se encontró un operador que adopte un operando en la parte derecha de tipo 'overloaded-function' (o bien no existe una conversión aceptable)
C:\GIT\proyecto-1progra\proyecto-1progra\Cinema.cpp(63,12): error C2679: '<<' binario: no se encontró un operador que adopte un operando en la parte derecha de tipo 'overloaded-function' (o bien no existe una conversión aceptable)
C:\GIT\proyecto-1progra\proyecto-1progra\Cinema.cpp(68,12): error C2679: '<<' binario: no se encontró un operador que adopte un operando en la parte derecha de tipo 'overloaded-function' (o bien no existe una conversión aceptable)
C:\GIT\proyecto-1progra\proyecto-1progra\Cinema.cpp(70,12): error C2679: '<<' binario: no se encontró un operador que adopte un operando en la parte derecha de tipo 'overloaded-function' (o bien no existe una conversión aceptable)
C:\GIT\proyecto-1progra\proyecto-1progra\Cinema.cpp(72,12): error C2679: '<<' binario: no se encontró un operador que adopte un operando en la parte derecha de tipo 'overloaded-function' (o bien no existe una conversión aceptable)
C:\GIT\proyecto-1progra\proyecto-1progra\Cinema.cpp(74,12): error C2679: '<<' binario: no se encontró un operador que adopte un operando en la parte derecha de tipo 'overloaded-function' (o bien no existe una conversión aceptable)
C:\GIT\proyecto-1progra\proyecto-1progra\Cinema.cpp(76,12): error C2679: '<<' binario: no se encontró un operador que adopte un operando en la parte derecha de tipo 'overloaded-function' (o bien no existe una conversión aceptable)
C:\GIT\proyecto-1progra\proyecto-1progra\Cinema.cpp(78,12): error C2679: '<<' binario: no se encontró un operador que adopte un operando en la parte derecha de tipo 'overloaded-function' (o bien no existe una conversión aceptable)
C:\GIT\proyecto-1progra\proyecto-1progra\Cinema.cpp(80,7): error C2679: '<<' binario: no se encontró un operador que adopte un operando en la parte derecha de tipo 'overloaded-function' (o bien no existe una conversión aceptable)
C:\GIT\proyecto-1progra\proyecto-1progra\Cinema.cpp(81,12): error C2679: '<<' binario: no se encontró un operador que adopte un operando en la parte derecha de tipo 'overloaded-function' (o bien no existe una conversión aceptable)
C:\GIT\proyecto-1progra\proyecto-1progra\Cinema.cpp(86,12): error C2679: '<<' binario: no se encontró un operador que adopte un operando en la parte derecha de tipo 'overloaded-function' (o bien no existe una conversión aceptable)
C:\GIT\proyecto-1progra\proyecto-1progra\Cinema.cpp(88,12): error C2679: '<<' binario: no se encontró un operador que adopte un operando en la parte derecha de tipo 'overloaded-function' (o bien no existe una conversión aceptable)
C:\GIT\proyecto-1progra\proyecto-1progra\Cinema.cpp(90,12): error C2679: '<<' binario: no se encontró un operador que adopte un operando en la parte derecha de tipo 'overloaded-function' (o bien no existe una conversión aceptable)
C:\GIT\proyecto-1progra\proyecto-1progra\Cinema.cpp(92,12): error C2679: '<<' binario: no se encontró un operador que adopte un operando en la parte derecha de tipo 'overloaded-function' (o bien no existe una conversión aceptable)
C:\GIT\proyecto-1progra\proyecto-1progra\Cinema.cpp(94,12): error C2679: '<<' binario: no se encontró un operador que adopte un operando en la parte derecha de tipo 'overloaded-function' (o bien no existe una conversión aceptable)
C:\GIT\proyecto-1progra\proyecto-1progra\Cinema.cpp(96,12): error C2679: '<<' binario: no se encontró un operador que adopte un operando en la parte derecha de tipo 'overloaded-function' (o bien no existe una conversión aceptable)
C:\GIT\proyecto-1progra\proyecto-1progra\Cinema.cpp(101,12): error C2679: '<<' binario: no se encontró un operador que adopte un operando en la parte derecha de tipo 'overloaded-function' (o bien no existe una conversión aceptable)
C:\GIT\proyecto-1progra\proyecto-1progra\Cinema.cpp(107,12): error C2679: '<<' binario: no se encontró un operador que adopte un operando en la parte derecha de tipo 'overloaded-function' (o bien no existe una conversión aceptable)
C:\GIT\proyecto-1progra\proyecto-1progra\Cinema.cpp(112,14): error C2039: "resizeArray": no es un miembro de "Cinema"
C:\GIT\proyecto-1progra\proyecto-1progra\Cinema.cpp(113,18): error C2027: uso del tipo 'Movie' sin definir
C:\GIT\proyecto-1progra\proyecto-1progra\Cinema.cpp(117,2): warning C4150: eliminación de puntero a tipo 'Movie' incompleto; no se ha llamado a un destructor
C:\GIT\proyecto-1progra\proyecto-1progra\Cinema.cpp(118,2): error C2061: error de sintaxis: identificador 'array'
C:\GIT\proyecto-1progra\proyecto-1progra\Cinema.cpp(122,15): error C2027: uso del tipo 'Movie' sin definir
C:\GIT\proyecto-1progra\proyecto-1progra\Cinema.cpp(123,7): error C2079: 'room' utiliza class 'Room' sin definir
C:\GIT\proyecto-1progra\proyecto-1progra\Cinema.cpp(123,18): error C2027: uso del tipo 'Room' sin definir
C:\GIT\proyecto-1progra\proyecto-1progra\Cinema.cpp(124,8): error C2079: 'movie' utiliza class 'Movie' sin definir
C:\GIT\proyecto-1progra\proyecto-1progra\Cinema.cpp(131,12): error C2679: '<<' binario: no se encontró un operador que adopte un operando en la parte derecha de tipo 'overloaded-function' (o bien no existe una conversión aceptable)
C:\GIT\proyecto-1progra\proyecto-1progra\Cinema.cpp(135,12): error C2679: '<<' binario: no se encontró un operador que adopte un operando en la parte derecha de tipo 'overloaded-function' (o bien no existe una conversión aceptable)
C:\GIT\proyecto-1progra\proyecto-1progra\Cinema.cpp(139,12): error C2679: '<<' binario: no se encontró un operador que adopte un operando en la parte derecha de tipo 'overloaded-function' (o bien no existe una conversión aceptable)
C:\GIT\proyecto-1progra\proyecto-1progra\Cinema.cpp(143,12): error C2679: '<<' binario: no se encontró un operador que adopte un operando en la parte derecha de tipo 'overloaded-function' (o bien no existe una conversión aceptable)
C:\GIT\proyecto-1progra\proyecto-1progra\Cinema.cpp(148,12): error C2679: '<<' binario: no se encontró un operador que adopte un operando en la parte derecha de tipo 'overloaded-function' (o bien no existe una conversión aceptable)
C:\GIT\proyecto-1progra\proyecto-1progra\Cinema.cpp(149,7): error C2679: '<<' binario: no se encontró un operador que adopte un operando en la parte derecha de tipo 'overloaded-function' (o bien no existe una conversión aceptable)
C:\GIT\proyecto-1progra\proyecto-1progra\Cinema.cpp(155,12): error C2679: '<<' binario: no se encontró un operador que adopte un operando en la parte derecha de tipo 'overloaded-function' (o bien no existe una conversión aceptable)
C:\GIT\proyecto-1progra\proyecto-1progra\Cinema.cpp(156,12): error C2679: '<<' binario: no se encontró un operador que adopte un operando en la parte derecha de tipo 'overloaded-function' (o bien no existe una conversión aceptable)
C:\GIT\proyecto-1progra\proyecto-1progra\Cinema.cpp(162,12): error C2679: '<<' binario: no se encontró un operador que adopte un operando en la parte derecha de tipo 'overloaded-function' (o bien no existe una conversión aceptable)
C:\GIT\proyecto-1progra\proyecto-1progra\Cinema.cpp(163,12): error C2679: '<<' binario: no se encontró un operador que adopte un operando en la parte derecha de tipo 'overloaded-function' (o bien no existe una conversión aceptable)
C:\GIT\proyecto-1progra\proyecto-1progra\Cinema.cpp(164,12): error C2679: '<<' binario: no se encontró un operador que adopte un operando en la parte derecha de tipo 'overloaded-function' (o bien no existe una conversión aceptable)
C:\GIT\proyecto-1progra\proyecto-1progra\Cinema.cpp(165,7): error C2679: '<<' binario: no se encontró un operador que adopte un operando en la parte derecha de tipo 'overloaded-function' (o bien no existe una conversión aceptable)
C:\GIT\proyecto-1progra\proyecto-1progra\Cinema.cpp(166,12): error C2679: '<<' binario: no se encontró un operador que adopte un operando en la parte derecha de tipo 'overloaded-function' (o bien no existe una conversión aceptable)
C:\GIT\proyecto-1progra\proyecto-1progra\Cinema.cpp(167,7): error C2679: '<<' binario: no se encontró un operador que adopte un operando en la parte derecha de tipo 'overloaded-function' (o bien no existe una conversión aceptable)
C:\GIT\proyecto-1progra\proyecto-1progra\Cinema.cpp(168,12): error C2679: '<<' binario: no se encontró un operador que adopte un operando en la parte derecha de tipo 'overloaded-function' (o bien no existe una conversión aceptable)
C:\GIT\proyecto-1progra\proyecto-1progra\Cinema.cpp(170,7): error C2679: '<<' binario: no se encontró un operador que adopte un operando en la parte derecha de tipo 'overloaded-function' (o bien no existe una conversión aceptable)
C:\GIT\proyecto-1progra\proyecto-1progra\Cinema.cpp(173,14): error C2556: 'void Cinema::subAddSchedule(void)': la función sobrecargada solo se diferencia de 'Schedule Cinema::subAddSchedule(void)' por el tipo de valor devuelto
C:\GIT\proyecto-1progra\proyecto-1progra\Cinema.cpp(173,14): error C2371: 'Cinema::subAddSchedule': nueva definición; tipos básicos distintos
C:\GIT\proyecto-1progra\proyecto-1progra\Cinema.cpp(173,14): error C2027: uso del tipo 'Schedule' sin definir
C:\GIT\proyecto-1progra\proyecto-1progra\Cinema.cpp(174,11): error C2079: 'schedule' utiliza class 'Schedule' sin definir
C:\GIT\proyecto-1progra\proyecto-1progra\Cinema.cpp(181,57): error C2027: uso del tipo 'Movie' sin definir
C:\GIT\proyecto-1progra\proyecto-1progra\Cinema.cpp(184,12): error C2679: '<<' binario: no se encontró un operador que adopte un operando en la parte derecha de tipo 'overloaded-function' (o bien no existe una conversión aceptable)
C:\GIT\proyecto-1progra\proyecto-1progra\Cinema.cpp(187,12): error C2679: '<<' binario: no se encontró un operador que adopte un operando en la parte derecha de tipo 'overloaded-function' (o bien no existe una conversión aceptable)
C:\GIT\proyecto-1progra\proyecto-1progra\Cinema.cpp(192,12): error C2679: '<<' binario: no se encontró un operador que adopte un operando en la parte derecha de tipo 'overloaded-function' (o bien no existe una conversión aceptable)
C:\GIT\proyecto-1progra\proyecto-1progra\Cinema.cpp(197,12): error C2679: '<<' binario: no se encontró un operador que adopte un operando en la parte derecha de tipo 'overloaded-function' (o bien no existe una conversión aceptable)
C:\GIT\proyecto-1progra\proyecto-1progra\Cinema.cpp(201,7): error C2079: 'room' utiliza class 'Room' sin definir
C:\GIT\proyecto-1progra\proyecto-1progra\Cinema.cpp(201,31): error C2027: uso del tipo 'Movie' sin definir
C:\GIT\proyecto-1progra\proyecto-1progra\Cinema.cpp(203,19): error C2027: uso del tipo 'Movie' sin definir
C:\GIT\proyecto-1progra\proyecto-1progra\Cinema.cpp(205,12): error C2679: '<<' binario: no se encontró un operador que adopte un operando en la parte derecha de tipo 'overloaded-function' (o bien no existe una conversión aceptable)
C:\GIT\proyecto-1progra\proyecto-1progra\Cinema.cpp(210,7): error C2079: 'room' utiliza class 'Room' sin definir
C:\GIT\proyecto-1progra\proyecto-1progra\Cinema.cpp(217,57): error C2027: uso del tipo 'Movie' sin definir
C:\GIT\proyecto-1progra\proyecto-1progra\Cinema.cpp(219,12): error C2679: '<<' binario: no se encontró un operador que adopte un operando en la parte derecha de tipo 'overloaded-function' (o bien no existe una conversión aceptable)
C:\GIT\proyecto-1progra\proyecto-1progra\Cinema.cpp(222,12): error C2679: '<<' binario: no se encontró un operador que adopte un operando en la parte derecha de tipo 'overloaded-function' (o bien no existe una conversión aceptable)
C:\GIT\proyecto-1progra\proyecto-1progra\Cinema.cpp(226,12): error C2679: '<<' binario: no se encontró un operador que adopte un operando en la parte derecha de tipo 'overloaded-function' (o bien no existe una conversión aceptable)
C:\GIT\proyecto-1progra\proyecto-1progra\Cinema.cpp(230,12): error C2679: '<<' binario: no se encontró un operador que adopte un operando en la parte derecha de tipo 'overloaded-function' (o bien no existe una conversión aceptable)
C:\GIT\proyecto-1progra\proyecto-1progra\Cinema.cpp(233,24): error C2027: uso del tipo 'Movie' sin definir
C:\GIT\proyecto-1progra\proyecto-1progra\Cinema.cpp(235,12): error C2679: '<<' binario: no se encontró un operador que adopte un operando en la parte derecha de tipo 'overloaded-function' (o bien no existe una conversión aceptable)
C:\GIT\proyecto-1progra\proyecto-1progra\Cinema.cpp(241,7): error C2672: 'std::getline': no se encontró una función sobrecargada que coincida
C:\GIT\proyecto-1progra\proyecto-1progra\Cinema.cpp(254,14): error C2679: '<<' binario: no se encontró un operador que adopte un operando en la parte derecha de tipo 'overloaded-function' (o bien no existe una conversión aceptable)
C:\GIT\proyecto-1progra\proyecto-1progra\Cinema.cpp(254,14): error C1003: el recuento de errores supera 100; se detiene la compilación
  Movie.cpp
  proyecto-1progra.cpp
C:\GIT\proyecto-1progra\proyecto-1progra\Schedule.h(2,7): error C2011: 'Schedule': nueva definición del tipo 'class'
C:\GIT\proyecto-1progra\proyecto-1progra\Room.h(3,7): error C2011: 'Room': nueva definición del tipo 'class'
C:\GIT\proyecto-1progra\proyecto-1progra\Movie.h(5,7): error C2011: 'Movie': nueva definición del tipo 'class'
C:\GIT\proyecto-1progra\proyecto-1progra\proyecto-1progra.cpp(21,11): error C2079: 'schedule' utiliza class 'Schedule' sin definir
C:\GIT\proyecto-1progra\proyecto-1progra\proyecto-1progra.cpp(22,11): error C2079: 'schedules' utiliza class 'Schedule' sin definir
C:\GIT\proyecto-1progra\proyecto-1progra\proyecto-1progra.cpp(24,7): error C2079: 'room' utiliza class 'Room' sin definir
C:\GIT\proyecto-1progra\proyecto-1progra\proyecto-1progra.cpp(25,7): error C2079: 'rooms' utiliza class 'Room' sin definir
C:\GIT\proyecto-1progra\proyecto-1progra\proyecto-1progra.cpp(48,35): error C2027: uso del tipo 'Movie' sin definir
C:\GIT\proyecto-1progra\proyecto-1progra\proyecto-1progra.cpp(48,12): error C2664: 'void Cinema::addMovieToArray(Movie)': el argumento 1 no puede convertirse de 'Movie' a 'Movie'
C:\GIT\proyecto-1progra\proyecto-1progra\proyecto-1progra.cpp(58,12): error C2027: uso del tipo 'Schedule' sin definir
  Room.cpp
  Sale.cpp
  Schedule.cpp
  Seat.cpp
  Generando código...
