c:\git\proyecto-1progra\proyecto-1progra\x64\debug\vc143.pdb
c:\git\proyecto-1progra\proyecto-1progra\x64\debug\vc143.idb
c:\git\proyecto-1progra\proyecto-1progra\x64\debug\seat.obj
c:\git\proyecto-1progra\proyecto-1progra\x64\debug\schedule.obj
c:\git\proyecto-1progra\proyecto-1progra\x64\debug\sale.obj
c:\git\proyecto-1progra\proyecto-1progra\x64\debug\room.obj
c:\git\proyecto-1progra\proyecto-1progra\x64\debug\proyecto-1progra.obj
c:\git\proyecto-1progra\proyecto-1progra\x64\debug\movie.obj
c:\git\proyecto-1progra\proyecto-1progra\x64\debug\cinema.obj
c:\git\proyecto-1progra\proyecto-1progra\x64\debug\booking.obj
c:\git\proyecto-1progra\x64\debug\proyecto-1progra.exe
c:\git\proyecto-1progra\x64\debug\proyecto-1progra.pdb
c:\git\proyecto-1progra\proyecto-1progra\x64\debug\proyecto-1progra.ilk
c:\git\proyecto-1progra\proyecto-1progra\x64\debug\proyecto-1progra.tlog\cl.command.1.tlog
c:\git\proyecto-1progra\proyecto-1progra\x64\debug\proyecto-1progra.tlog\cl.items.tlog
c:\git\proyecto-1progra\proyecto-1progra\x64\debug\proyecto-1progra.tlog\cl.read.1.tlog
c:\git\proyecto-1progra\proyecto-1progra\x64\debug\proyecto-1progra.tlog\cl.write.1.tlog
c:\git\proyecto-1progra\proyecto-1progra\x64\debug\proyecto-1progra.tlog\link.command.1.tlog
c:\git\proyecto-1progra\proyecto-1progra\x64\debug\proyecto-1progra.tlog\link.read.1.tlog
c:\git\proyecto-1progra\proyecto-1progra\x64\debug\proyecto-1progra.tlog\link.secondary.1.tlog
c:\git\proyecto-1progra\proyecto-1progra\x64\debug\proyecto-1progra.tlog\link.write.1.tlog
